<?xml version="1.0" encoding="UTF-8"?>
<!-- Generated by org.testng.reporters.JUnitReportReporter -->
<testsuite skipped="0" hostname="ELF34-MANOJSHETTY" name="elf_practicesession.dropdown_action_classTest" tests="1" failures="0" timestamp="12 Jun 2022 06:42:32 GMT" time="12.033" errors="0">
  <testcase name="main" time="12.033" classname="elf_practicesession.dropdown_action_classTest"/>
</testsuite> <!-- elf_practicesession.dropdown_action_classTest -->
