<?xml version="1.0" encoding="UTF-8"?>
<!-- Generated by org.testng.reporters.JUnitReportReporter -->
<testsuite skipped="0" hostname="ELF34-MANOJSHETTY" name="Elf34_maven.demo_wishlistTest" tests="1" failures="0" timestamp="13 Jun 2022 01:32:53 GMT" time="13.167" errors="0">
  <testcase name="login" time="13.167" classname="Elf34_maven.demo_wishlistTest"/>
</testsuite> <!-- Elf34_maven.demo_wishlistTest -->
