<?xml version="1.0" encoding="UTF-8"?>
<!-- Generated by org.testng.reporters.JUnitReportReporter -->
<testsuite skipped="0" hostname="ELF34-MANOJSHETTY" name="elf_practicesession.login_demo" tests="1" failures="0" timestamp="12 Jun 2022 06:59:20 GMT" time="8.793" errors="0">
  <testcase name="EndToEndTC" time="8.793" classname="elf_practicesession.login_demo"/>
</testsuite> <!-- elf_practicesession.login_demo -->
