<?xml version="1.0" encoding="UTF-8"?>
<!-- Generated by org.testng.reporters.JUnitReportReporter -->
<testsuite skipped="0" hostname="ELF34-MANOJSHETTY" name="elf_practicesession.LaunchingbrowserTest" tests="1" failures="0" timestamp="12 Jun 2022 07:39:08 GMT" time="5.564" errors="0">
  <testcase name="TC" time="5.564" classname="elf_practicesession.LaunchingbrowserTest"/>
</testsuite> <!-- elf_practicesession.LaunchingbrowserTest -->
