<?xml version="1.0" encoding="UTF-8"?>
<!-- Generated by org.testng.reporters.JUnitReportReporter -->
<testsuite skipped="0" hostname="ELF34-MANOJSHETTY" name="Elf34_maven.demo_add_to_cart_with_loginTest" tests="1" failures="0" timestamp="13 Jun 2022 04:24:27 GMT" time="18.927" errors="0">
  <testcase name="login" time="18.927" classname="Elf34_maven.demo_add_to_cart_with_loginTest"/>
</testsuite> <!-- Elf34_maven.demo_add_to_cart_with_loginTest -->
