<?xml version="1.0" encoding="UTF-8"?>
<!-- Generated by org.testng.reporters.JUnitReportReporter -->
<testsuite skipped="0" hostname="ELF34-MANOJSHETTY" name="elf_practicesession.dropdown_action_class" tests="1" failures="0" timestamp="12 Jun 2022 04:58:35 GMT" time="13.709" errors="0">
  <testcase name="main" time="13.709" classname="elf_practicesession.dropdown_action_class"/>
</testsuite> <!-- elf_practicesession.dropdown_action_class -->
